{"user_id":"::1","raw_input":"GET / HTTP/1.1Host: localhost:2000Connection: keep-aliveCache-Control: max-age=0Upgrade-Insecure-Requests: 1User-Agent: Mozilla/5.0 (Windows NT 10.0; Win64; x64) AppleWebKit/537.36 (KHTML, like Gecko) Chrome/63.0.3239.132 Safari/537.36Accept: text/html,application/xhtml+xml,application/xml;q=0.9,image/webp,image/apng,*/*;q=0.8Accept-Encoding: gzip, deflate, brAccept-Language: en-US,en;q=0.9,gu;q=0.8Cookie: auth_token=eyJhbGciOiJIUzI1NiIsInR5cCI6IkpXVCJ9.eyJ1c2VySWQiOiI1OTgzZjNhODYzMzljMDAwMjFmM2NkZDEiLCJpYXQiOjE1MTY1OTQ5NzksImV4cCI6MTUxOTE4NzAwOSwiYXVkIjoiaHR0cHM6Ly95b3VyZG9tYWluLmNvbSIsImlzcyI6ImZlYXRoZXJzIiwic3ViIjoiYW5vbnltb3VzIn0.q5RPjEYCdQFxMeSkYm_kRc-lBLvuKW414VVEPiIqIQA","normalized_input":"GET / HTTP/1 1Host localhost2000Connection keep-aliveCache-Control max-age=0Upgrade-Insecure- Requests 1User-Agent Mozilla/5 0 Windows NT 10 0; Win64; x64 AppleWebKit/537 36 KHTML like Gecko Chrome/63 0 3239 132 Safari/537 36Accept text/html,application/xhtml+xml,application/xml;q=0 9,image/webp,image/apng,*/*;q=0 8Accept-Encoding gzip deflate brAccept-Language en-US,en;q=0 9,gu;q=0 8Cookie auth_token=eyJhbGciOiJIUzI1NiIsInR5cCI6IkpXVCJ9 eyJ1c2VySWQiOiI1OTgzZjNhODYzMzljMDAwMjFmM2NkZDEiLCJpYXQiOjE1MTY1OTQ5NzksImV4cCI6MTUxOTE4NzAwOSwiYXVkIjoiaHR0cHM6Ly95b3VyZG9tYWluLmNvbSIsImlzcyI6ImZlYXRoZXJzIiwic3ViIjoiYW5vbnltb3VzIn0 q5RPjEYCdQFxMeSkYm_kRc-lBLvuKW414VVEPiIqIQA","matched_gambit":[],"timestamp":"2018-01-22T09:36:32.969Z"}
{"user_id":"::1","raw_input":"GET / HTTP/1.1Host: localhost:2000Connection: keep-aliveCache-Control: max-age=0Upgrade-Insecure-Requests: 1User-Agent: Mozilla/5.0 (Windows NT 10.0; Win64; x64) AppleWebKit/537.36 (KHTML, like Gecko) Chrome/63.0.3239.132 Safari/537.36Accept: text/html,application/xhtml+xml,application/xml;q=0.9,image/webp,image/apng,*/*;q=0.8Accept-Encoding: gzip, deflate, brAccept-Language: en-US,en;q=0.9,gu;q=0.8Cookie: auth_token=eyJhbGciOiJIUzI1NiIsInR5cCI6IkpXVCJ9.eyJ1c2VySWQiOiI1OTgzZjNhODYzMzljMDAwMjFmM2NkZDEiLCJpYXQiOjE1MTY1OTQ5NzksImV4cCI6MTUxOTE4NzAwOSwiYXVkIjoiaHR0cHM6Ly95b3VyZG9tYWluLmNvbSIsImlzcyI6ImZlYXRoZXJzIiwic3ViIjoiYW5vbnltb3VzIn0.q5RPjEYCdQFxMeSkYm_kRc-lBLvuKW414VVEPiIqIQA","normalized_input":"GET / HTTP/1 1Host localhost2000Connection keep-aliveCache-Control max-age=0Upgrade-Insecure- Requests 1User-Agent Mozilla/5 0 Windows NT 10 0; Win64; x64 AppleWebKit/537 36 KHTML like Gecko Chrome/63 0 3239 132 Safari/537 36Accept text/html,application/xhtml+xml,application/xml;q=0 9,image/webp,image/apng,*/*;q=0 8Accept-Encoding gzip deflate brAccept-Language en-US,en;q=0 9,gu;q=0 8Cookie auth_token=eyJhbGciOiJIUzI1NiIsInR5cCI6IkpXVCJ9 eyJ1c2VySWQiOiI1OTgzZjNhODYzMzljMDAwMjFmM2NkZDEiLCJpYXQiOjE1MTY1OTQ5NzksImV4cCI6MTUxOTE4NzAwOSwiYXVkIjoiaHR0cHM6Ly95b3VyZG9tYWluLmNvbSIsImlzcyI6ImZlYXRoZXJzIiwic3ViIjoiYW5vbnltb3VzIn0 q5RPjEYCdQFxMeSkYm_kRc-lBLvuKW414VVEPiIqIQA","matched_gambit":[],"timestamp":"2018-01-22T09:37:09.442Z"}
{"user_id":"::1","raw_input":"GET / HTTP/1.1Host: localhost:2000Connection: keep-aliveCache-Control: max-age=0User-Agent: Mozilla/5.0 (Windows NT 10.0; Win64; x64) AppleWebKit/537.36 (KHTML, like Gecko) Chrome/63.0.3239.132 Safari/537.36Upgrade-Insecure-Requests: 1Accept: text/html,application/xhtml+xml,application/xml;q=0.9,image/webp,image/apng,*/*;q=0.8Accept-Encoding: gzip, deflate, brAccept-Language: en-US,en;q=0.9,gu;q=0.8Cookie: auth_token=eyJhbGciOiJIUzI1NiIsInR5cCI6IkpXVCJ9.eyJ1c2VySWQiOiI1OTgzZjNhODYzMzljMDAwMjFmM2NkZDEiLCJpYXQiOjE1MTY1OTQ5NzksImV4cCI6MTUxOTE4NzAwOSwiYXVkIjoiaHR0cHM6Ly95b3VyZG9tYWluLmNvbSIsImlzcyI6ImZlYXRoZXJzIiwic3ViIjoiYW5vbnltb3VzIn0.q5RPjEYCdQFxMeSkYm_kRc-lBLvuKW414VVEPiIqIQA","normalized_input":"GET / HTTP/1 1Host localhost2000Connection keep-aliveCache-Control max- age=0User-Agent Mozilla/5 0 Windows NT 10 0; Win64; x64 AppleWebKit/537 36 KHTML like Gecko Chrome/63 0 3239 132 Safari/537 36Upgrade-Insecure-Requests 1Accept text/html,application/xhtml+xml,application/xml;q=0 9,image/webp,image/apng,*/*;q=0 8Accept-Encoding gzip deflate brAccept-Language en-US,en;q=0 9,gu;q=0 8Cookie auth_token=eyJhbGciOiJIUzI1NiIsInR5cCI6IkpXVCJ9 eyJ1c2VySWQiOiI1OTgzZjNhODYzMzljMDAwMjFmM2NkZDEiLCJpYXQiOjE1MTY1OTQ5NzksImV4cCI6MTUxOTE4NzAwOSwiYXVkIjoiaHR0cHM6Ly95b3VyZG9tYWluLmNvbSIsImlzcyI6ImZlYXRoZXJzIiwic3ViIjoiYW5vbnltb3VzIn0 q5RPjEYCdQFxMeSkYm_kRc-lBLvuKW414VVEPiIqIQA","matched_gambit":[],"timestamp":"2018-01-22T09:37:57.773Z"}
{"user_id":"::1","raw_input":"h","normalized_input":"h","matched_gambit":[],"timestamp":"2018-01-22T09:43:09.424Z"}
{"user_id":"::1","raw_input":"ello world","normalized_input":"ello world","matched_gambit":[],"timestamp":"2018-01-22T09:43:10.055Z"}
{"user_id":"::1","matched_gambit":[]}
{"user_id":"::1","matched_gambit":[]}
{"user_id":"::1","raw_input":"H","normalized_input":"H","matched_gambit":[],"timestamp":"2018-01-22T09:43:28.110Z"}
{"user_id":"::1","raw_input":"e","normalized_input":"e","matched_gambit":[],"timestamp":"2018-01-22T09:43:28.297Z"}
{"user_id":"::1","raw_input":"l","normalized_input":"l","matched_gambit":[],"timestamp":"2018-01-22T09:43:30.209Z"}
{"user_id":"::1","raw_input":"l","normalized_input":"l","matched_gambit":[],"timestamp":"2018-01-22T09:43:30.352Z"}
{"user_id":"::1","raw_input":"o","normalized_input":"o","matched_gambit":[],"timestamp":"2018-01-22T09:43:30.522Z"}
{"user_id":"::1","raw_input":"\b","normalized_input":"\b","matched_gambit":[],"timestamp":"2018-01-22T09:43:32.516Z"}
{"user_id":"::1","raw_input":"\b","normalized_input":"\b","matched_gambit":[],"timestamp":"2018-01-22T09:43:32.822Z"}
{"user_id":"::1","raw_input":"e","normalized_input":"e","matched_gambit":[],"timestamp":"2018-01-22T09:43:36.616Z"}
{"user_id":"::1","raw_input":"i","normalized_input":"i","matched_gambit":[],"timestamp":"2018-01-22T09:47:00.246Z"}
{"user_id":"::1","raw_input":"H","normalized_input":"H","matched_gambit":[],"timestamp":"2018-01-22T09:46:59.535Z"}
{"user_id":"::1","raw_input":"H","normalized_input":"H","matched_gambit":[],"timestamp":"2018-01-22T09:47:03.616Z"}
{"user_id":"::1","raw_input":"I","normalized_input":"I","matched_gambit":[],"timestamp":"2018-01-22T09:47:03.792Z"}
{"user_id":"::1","matched_gambit":[]}
{"user_id":"::1","matched_gambit":[]}
{"user_id":"::1","raw_input":"H","normalized_input":"H","matched_gambit":[],"timestamp":"2018-01-22T09:47:07.307Z"}
{"user_id":"::1","raw_input":"I","normalized_input":"I","matched_gambit":[],"timestamp":"2018-01-22T09:47:07.520Z"}
{"user_id":"::1","raw_input":"\u0003","normalized_input":"\u0003","matched_gambit":[],"timestamp":"2018-01-22T09:47:57.432Z"}
{"user_id":"::1","raw_input":"\u0003","normalized_input":"\u0003","matched_gambit":[],"timestamp":"2018-01-22T09:47:57.626Z"}
{"user_id":"::1","raw_input":"\u0003","normalized_input":"\u0003","matched_gambit":[],"timestamp":"2018-01-22T09:47:57.703Z"}
{"user_id":"::1","raw_input":"\u0003","normalized_input":"\u0003","matched_gambit":[],"timestamp":"2018-01-22T09:47:57.856Z"}
{"user_id":"::1","raw_input":"\u0003","normalized_input":"\u0003","matched_gambit":[],"timestamp":"2018-01-22T09:47:57.994Z"}
{"user_id":"::1","raw_input":"d","normalized_input":"d","matched_gambit":[],"timestamp":"2018-01-22T09:47:59.178Z"}
{"user_id":"::1","raw_input":"d","normalized_input":"d","matched_gambit":[],"timestamp":"2018-01-22T09:47:59.337Z"}
{"user_id":"::1","raw_input":"w","normalized_input":"w","matched_gambit":[],"timestamp":"2018-01-22T09:47:59.417Z"}
{"user_id":"::1","matched_gambit":[]}
{"user_id":"::1","matched_gambit":[]}
{"user_id":"::1","matched_gambit":[]}
{"user_id":"::1","matched_gambit":[]}
{"user_id":"::1","matched_gambit":[]}
{"user_id":"::1","matched_gambit":[]}
{"user_id":"::1","matched_gambit":[]}
{"user_id":"::1","raw_input":"H","normalized_input":"H","matched_gambit":[],"timestamp":"2018-01-22T09:48:05.255Z"}
{"user_id":"::1","raw_input":"I","normalized_input":"I","matched_gambit":[],"timestamp":"2018-01-22T09:48:05.457Z"}
{"user_id":"::1","raw_input":"\u0003","normalized_input":"\u0003","matched_gambit":[],"timestamp":"2018-01-22T09:48:10.165Z"}
{"user_id":"::1","raw_input":"/","normalized_input":"/","matched_gambit":[],"timestamp":"2018-01-22T09:48:11.750Z"}
{"user_id":"::1","raw_input":"/","normalized_input":"/","matched_gambit":[],"timestamp":"2018-01-22T09:48:19.119Z"}
{"user_id":"::1","raw_input":"quit","normalized_input":"quit","matched_gambit":[],"timestamp":"2018-01-22T09:48:19.131Z"}
{"user_id":"::1","raw_input":"/","normalized_input":"/","matched_gambit":[],"timestamp":"2018-01-22T09:48:27.062Z"}
{"user_id":"::1","raw_input":"/","normalized_input":"/","matched_gambit":[],"timestamp":"2018-01-22T09:48:28.981Z"}
{"user_id":"::1","raw_input":"\\","normalized_input":"\\","matched_gambit":[],"timestamp":"2018-01-22T09:48:30.376Z"}
{"user_id":"::1","matched_gambit":[]}
{"user_id":"::1","matched_gambit":[]}
{"user_id":"::1","matched_gambit":[]}
{"user_id":"::1","raw_input":"h","normalized_input":"h","matched_gambit":[],"timestamp":"2018-01-22T09:49:10.525Z"}
{"user_id":"::1","raw_input":"ello","normalized_input":"ello","matched_gambit":[],"timestamp":"2018-01-22T09:49:10.535Z"}
{"user_id":"::1","raw_input":"O","normalized_input":"O","matched_gambit":[],"timestamp":"2018-01-22T09:49:15.774Z"}
{"user_id":"::1","raw_input":"l","normalized_input":"l","matched_gambit":[],"timestamp":"2018-01-22T09:49:15.966Z"}
{"user_id":"::1","raw_input":"a","normalized_input":"a","matched_gambit":[],"timestamp":"2018-01-22T09:49:16.097Z"}
{"user_id":"::1","raw_input":"\u0003","normalized_input":"\u0003","matched_gambit":[],"timestamp":"2018-01-22T09:50:12.941Z"}
{"user_id":"::1","raw_input":"\u0003","normalized_input":"\u0003","matched_gambit":[],"timestamp":"2018-01-22T09:50:13.810Z"}
{"user_id":"::1","raw_input":"\u0003","normalized_input":"\u0003","matched_gambit":[],"timestamp":"2018-01-22T09:50:14.419Z"}
{"user_id":"::1","raw_input":"/","normalized_input":"/","matched_gambit":[],"timestamp":"2018-01-22T09:50:17.239Z"}
{"user_id":"::1","raw_input":"q","normalized_input":"q","matched_gambit":[],"timestamp":"2018-01-22T09:50:17.570Z"}
{"user_id":"::1","raw_input":"u","normalized_input":"you","matched_gambit":[],"timestamp":"2018-01-22T09:50:17.718Z"}
{"user_id":"::1","raw_input":"i","normalized_input":"i","matched_gambit":[],"timestamp":"2018-01-22T09:50:17.922Z"}
{"user_id":"::1","raw_input":"t","normalized_input":"t","matched_gambit":[],"timestamp":"2018-01-22T09:50:18.241Z"}
{"user_id":"::1","raw_input":"e","normalized_input":"e","matched_gambit":[],"timestamp":"2018-01-22T09:50:18.425Z"}
{"user_id":"::1","raw_input":"h","normalized_input":"h","matched_gambit":[],"timestamp":"2018-01-22T09:51:00.072Z"}
{"user_id":"::1","raw_input":"ello world","normalized_input":"ello world","matched_gambit":[],"timestamp":"2018-01-22T09:51:00.718Z"}
{"user_id":"::1","matched_gambit":[]}
{"user_id":"::1","raw_input":"h","normalized_input":"h","matched_gambit":[],"timestamp":"2018-01-22T09:51:08.603Z"}
{"user_id":"::1","raw_input":"\u0003","normalized_input":"\u0003","matched_gambit":[],"timestamp":"2018-01-22T10:03:48.399Z"}
{"user_id":"::1","raw_input":"h","normalized_input":"h","matched_gambit":[],"timestamp":"2018-01-22T10:04:43.892Z"}
{"user_id":"::1","raw_input":"e","normalized_input":"e","matched_gambit":[],"timestamp":"2018-01-22T10:04:44.774Z"}
{"user_id":"::1","raw_input":"h","normalized_input":"h","matched_gambit":[],"timestamp":"2018-01-22T10:04:49.585Z"}
{"user_id":"::1","raw_input":"e","normalized_input":"e","matched_gambit":[],"timestamp":"2018-01-22T10:04:49.792Z"}
{"user_id":"::1","raw_input":"l","normalized_input":"l","matched_gambit":[],"timestamp":"2018-01-22T10:04:49.997Z"}
{"user_id":"::1","raw_input":"l","normalized_input":"l","matched_gambit":[],"timestamp":"2018-01-22T10:04:50.155Z"}
{"user_id":"::1","raw_input":"o","normalized_input":"o","matched_gambit":[],"timestamp":"2018-01-22T10:04:50.308Z"}
{"user_id":"::1","raw_input":"H","normalized_input":"H","matched_gambit":[],"timestamp":"2018-01-22T10:04:51.907Z"}
{"user_id":"::1","raw_input":"E","normalized_input":"E","matched_gambit":[],"timestamp":"2018-01-22T10:04:52.235Z"}
{"user_id":"::1","raw_input":"\u0003","normalized_input":"\u0003","matched_gambit":[],"timestamp":"2018-01-22T10:06:25.877Z"}
{"user_id":"::1","raw_input":"\u0003","normalized_input":"\u0003","matched_gambit":[],"timestamp":"2018-01-22T10:06:26.447Z"}
{"user_id":"::1","raw_input":"h","normalized_input":"h","matched_gambit":[],"timestamp":"2018-01-22T10:09:20.796Z"}
{"user_id":"::1","raw_input":"ello","normalized_input":"ello","matched_gambit":[],"timestamp":"2018-01-22T10:09:21.561Z"}
{"user_id":"::1","raw_input":"h","normalized_input":"h","matched_gambit":[],"timestamp":"2018-01-22T10:34:58.804Z"}
{"user_id":"::1","raw_input":"h","normalized_input":"h","matched_gambit":[],"timestamp":"2018-01-22T10:35:01.544Z"}
{"user_id":"::1","raw_input":"+","normalized_input":"+","matched_gambit":[],"timestamp":"2018-01-22T12:03:17.928Z"}
{"user_id":"::1","raw_input":"-","normalized_input":"","matched_gambit":[],"timestamp":"2018-01-22T12:03:21.583Z"}
{"user_id":"::1","raw_input":"h","normalized_input":"h","matched_gambit":[],"timestamp":"2018-01-22T12:06:27.804Z"}
{"user_id":"::1","raw_input":"h","normalized_input":"h","matched_gambit":[],"timestamp":"2018-01-22T12:08:58.326Z"}
{"user_id":"::1","raw_input":"ello world","normalized_input":"ello world","matched_gambit":[],"timestamp":"2018-01-22T12:08:59.073Z"}
{"user_id":"::1","raw_input":"h","normalized_input":"h","matched_gambit":[{"topic":"random","input":"h","reply":"Hi from your bot.","output":"Hi from your bot."}],"timestamp":"2018-01-22T12:09:58.054Z"}
{"user_id":"::1","raw_input":"h","normalized_input":"h","matched_gambit":[{"topic":"random","input":"h","reply":"Hi from your bot.","output":"Hi from your bot."}],"timestamp":"2018-01-22T12:10:25.936Z"}
{"user_id":"::1","raw_input":"[","normalized_input":"[","matched_gambit":[],"timestamp":"2018-01-22T12:17:34.122Z"}
{"user_id":"::1","raw_input":"[","normalized_input":"[","matched_gambit":[],"timestamp":"2018-01-22T12:17:35.464Z"}
{"user_id":"::1","raw_input":"]","normalized_input":"]","matched_gambit":[],"timestamp":"2018-01-22T12:17:35.499Z"}
{"user_id":"::1","raw_input":"/","normalized_input":"/","matched_gambit":[],"timestamp":"2018-01-22T12:18:09.712Z"}
{"user_id":"::1","raw_input":"h","normalized_input":"h","matched_gambit":[{"topic":"random","input":"h","reply":"Hi from your bot.","output":"Hi from your bot."}],"timestamp":"2018-01-22T12:23:18.297Z"}
{"user_id":"::1","matched_gambit":[]}
{"user_id":"::1","raw_input":"h","normalized_input":"h","matched_gambit":[{"topic":"random","input":"h","reply":"Hi from your bot.","output":"Hi from your bot."}],"timestamp":"2018-01-22T12:23:21.777Z"}
{"user_id":"::1","raw_input":"e","normalized_input":"e","matched_gambit":[],"timestamp":"2018-01-22T12:23:22.044Z"}
{"user_id":"::1","raw_input":"l","normalized_input":"l","matched_gambit":[],"timestamp":"2018-01-22T12:23:22.208Z"}
{"user_id":"::1","raw_input":"l","normalized_input":"l","matched_gambit":[],"timestamp":"2018-01-22T12:23:22.415Z"}
{"user_id":"::1","raw_input":"\b","normalized_input":"\b","matched_gambit":[],"timestamp":"2018-01-22T12:23:24.646Z"}
{"user_id":"::1","raw_input":"\b","normalized_input":"\b","matched_gambit":[],"timestamp":"2018-01-22T12:23:24.936Z"}
{"user_id":"::1","matched_gambit":[]}
{"user_id":"::1","matched_gambit":[]}
{"user_id":"::1","matched_gambit":[]}
{"user_id":"::1","raw_input":"\u0016","normalized_input":"\u0016","matched_gambit":[],"timestamp":"2018-01-22T12:28:34.074Z"}
{"user_id":"::1","raw_input":"h","normalized_input":"h","matched_gambit":[{"topic":"random","input":"h","reply":"Hi from your bot.","output":"Hi from your bot."}],"timestamp":"2018-01-22T12:28:43.035Z"}
{"user_id":"::1","raw_input":"ello","normalized_input":"ello","matched_gambit":[],"timestamp":"2018-01-22T12:28:43.057Z"}
{"user_id":"::1","raw_input":"+","normalized_input":"+","matched_gambit":[],"timestamp":"2018-01-22T12:29:36.330Z"}
{"user_id":"::1","raw_input":"hello","normalized_input":"hello","matched_gambit":[{"topic":"random","input":"*~2","reply":"Hello","output":"Hello"}],"timestamp":"2018-01-22T12:29:36.345Z"}
{"user_id":"::1","raw_input":"hello","normalized_input":"hello","matched_gambit":[{"topic":"random","input":"*~2","reply":"Hello","output":"Hello"}],"timestamp":"2018-01-22T12:29:50.828Z"}
{"user_id":"::1","raw_input":"+","normalized_input":"+","matched_gambit":[],"timestamp":"2018-01-22T12:29:50.815Z"}
{"user_id":"::1","raw_input":"+","normalized_input":"+","matched_gambit":[],"timestamp":"2018-01-22T12:29:51.925Z"}
{"user_id":"::1","raw_input":"hello","normalized_input":"hello","matched_gambit":[{"topic":"random","input":"*~2","reply":"Ola","output":"Ola"}],"timestamp":"2018-01-22T12:29:51.935Z"}
{"user_id":"::1","raw_input":"+h","normalized_input":"+h","matched_gambit":[],"timestamp":"2018-01-22T12:30:07.621Z"}
{"user_id":"::1","raw_input":"ello","normalized_input":"ello","matched_gambit":[],"timestamp":"2018-01-22T12:30:07.631Z"}
{"user_id":"::1","raw_input":"+he","normalized_input":"+he","matched_gambit":[],"timestamp":"2018-01-22T12:31:25.347Z"}
{"user_id":"::1","raw_input":"llo","normalized_input":"llo","matched_gambit":[],"timestamp":"2018-01-22T12:31:25.366Z"}
{"user_id":"::1","raw_input":"+","normalized_input":"+","matched_gambit":[],"timestamp":"2018-01-22T12:31:27.661Z"}
{"user_id":"::1","raw_input":"hello","normalized_input":"hello","matched_gambit":[{"topic":"random","input":"*~2","reply":"Howdy","output":"Howdy"}],"timestamp":"2018-01-22T12:31:27.674Z"}
{"user_id":"::1","raw_input":"+","normalized_input":"+","matched_gambit":[],"timestamp":"2018-01-22T12:31:30.277Z"}
{"user_id":"::1","raw_input":"l","normalized_input":"l","matched_gambit":[],"timestamp":"2018-01-22T12:31:30.303Z"}
{"user_id":"::1","raw_input":"o","normalized_input":"o","matched_gambit":[],"timestamp":"2018-01-22T12:31:30.306Z"}
{"user_id":"::1","raw_input":"hel","normalized_input":"hel","matched_gambit":[],"timestamp":"2018-01-22T12:31:30.295Z"}
{"user_id":"::1","raw_input":"+","normalized_input":"+","matched_gambit":[],"timestamp":"2018-01-22T12:31:32.704Z"}
{"user_id":"::1","raw_input":"hello","normalized_input":"hello","matched_gambit":[{"topic":"random","input":"*~2","reply":"Hello","output":"Hello"}],"timestamp":"2018-01-22T12:31:32.716Z"}
{"user_id":"::1","raw_input":"hello","normalized_input":"hello","matched_gambit":[{"topic":"random","input":"*~2","reply":"How are you?","output":"How are you?"}],"timestamp":"2018-01-22T12:31:34.646Z"}
{"user_id":"::1","raw_input":"+","normalized_input":"+","matched_gambit":[],"timestamp":"2018-01-22T12:31:34.630Z"}
{"user_id":"::1","raw_input":"+","normalized_input":"+","matched_gambit":[],"timestamp":"2018-01-22T12:31:37.288Z"}
{"user_id":"::1","raw_input":"hello","normalized_input":"hello","matched_gambit":[{"topic":"random","input":"*~2","reply":"Hello","output":"Hello"}],"timestamp":"2018-01-22T12:31:37.297Z"}
{"user_id":"::1","raw_input":"hello","normalized_input":"hello","matched_gambit":[{"topic":"random","input":"*~2","reply":"Howdy","output":"Howdy"}],"timestamp":"2018-01-22T12:31:38.550Z"}
{"user_id":"::1","raw_input":"+","normalized_input":"+","matched_gambit":[],"timestamp":"2018-01-22T12:31:38.527Z"}
{"user_id":"::1","raw_input":"+","normalized_input":"+","matched_gambit":[],"timestamp":"2018-01-22T12:31:40.017Z"}
{"user_id":"::1","raw_input":"hello","normalized_input":"hello","matched_gambit":[{"topic":"random","input":"*~2","reply":"Howdy","output":"Howdy"}],"timestamp":"2018-01-22T12:31:40.027Z"}
{"user_id":"::1","raw_input":"hello","normalized_input":"hello","matched_gambit":[{"topic":"random","input":"*~2","reply":"Hi!","output":"Hi!"}],"timestamp":"2018-01-22T12:44:21.333Z"}
{"user_id":"::1","raw_input":"+","normalized_input":"+","matched_gambit":[],"timestamp":"2018-01-22T12:44:21.310Z"}
{"user_id":"::1","raw_input":"h","normalized_input":"h","matched_gambit":[{"topic":"random","input":"h","reply":"Hi from your bot.","output":"Hi from your bot."}],"timestamp":"2018-01-22T12:44:24.453Z"}
{"user_id":"::1","raw_input":"h","normalized_input":"h","matched_gambit":[{"topic":"random","input":"h","reply":"Hi from your bot.","output":"Hi from your bot."}],"timestamp":"2018-01-22T12:44:26.277Z"}
{"user_id":"::1","raw_input":"h","normalized_input":"h","matched_gambit":[{"topic":"random","input":"h","reply":"Hi from your bot.","output":"Hi from your bot."}],"timestamp":"2018-01-22T12:44:27.385Z"}
{"user_id":"::1","matched_gambit":[]}
{"user_id":"::1","matched_gambit":[]}
{"user_id":"::1","matched_gambit":[]}
{"user_id":"::1","matched_gambit":[]}
{"user_id":"::1","matched_gambit":[]}
{"user_id":"::1","matched_gambit":[]}
{"user_id":"::1","raw_input":"*","normalized_input":"*","matched_gambit":[],"timestamp":"2018-01-22T12:49:55.140Z"}
{"user_id":"::1","raw_input":"*","normalized_input":"*","matched_gambit":[],"timestamp":"2018-01-22T12:49:56.452Z"}
{"user_id":"::1","raw_input":"+","normalized_input":"+","matched_gambit":[],"timestamp":"2018-01-22T12:53:59.392Z"}
{"user_id":"::1","raw_input":"h","normalized_input":"h","matched_gambit":[{"topic":"random","input":"h","reply":"Hi from your bot.","output":"Hi from your bot."}],"timestamp":"2018-01-22T12:54:03.902Z"}
{"user_id":"::1","raw_input":"+/q","normalized_input":"+/q","matched_gambit":[],"timestamp":"2018-01-22T12:59:45.642Z"}
{"user_id":"::1","raw_input":"uit","normalized_input":"uit","matched_gambit":[],"timestamp":"2018-01-22T12:59:46.349Z"}
{"user_id":"::1","raw_input":"+","normalized_input":"+","matched_gambit":[],"timestamp":"2018-01-22T12:59:49.744Z"}
{"user_id":"::1","raw_input":"h","normalized_input":"h","matched_gambit":[],"timestamp":"2018-01-23T05:30:46.131Z"}
{"user_id":"::1","raw_input":"h","normalized_input":"h","matched_gambit":[],"timestamp":"2018-01-23T05:30:54.770Z"}
{"user_id":"::1","raw_input":"i","normalized_input":"i","matched_gambit":[],"timestamp":"2018-01-23T05:30:54.974Z"}
{"user_id":"::1","raw_input":"i","normalized_input":"i","matched_gambit":[],"timestamp":"2018-01-23T05:45:03.727Z"}
{"user_id":"::1","raw_input":"h","normalized_input":"h","matched_gambit":[],"timestamp":"2018-01-23T05:45:03.067Z"}
{"user_id":"::1","raw_input":"h","normalized_input":"h","matched_gambit":[],"timestamp":"2018-01-23T05:45:05.968Z"}
{"user_id":"::1","raw_input":"h","normalized_input":"h","matched_gambit":[],"timestamp":"2018-01-23T05:45:21.557Z"}
{"user_id":"::1","raw_input":"e","normalized_input":"e","matched_gambit":[],"timestamp":"2018-01-23T05:45:21.766Z"}
{"user_id":"::1","raw_input":"l","normalized_input":"l","matched_gambit":[],"timestamp":"2018-01-23T05:45:21.929Z"}
{"user_id":"::1","raw_input":"l","normalized_input":"l","matched_gambit":[],"timestamp":"2018-01-23T05:45:22.077Z"}
{"user_id":"::1","raw_input":"o","normalized_input":"o","matched_gambit":[],"timestamp":"2018-01-23T05:45:22.247Z"}
{"user_id":"::1","raw_input":"h","normalized_input":"h","matched_gambit":[],"timestamp":"2018-01-23T05:45:29.126Z"}
{"user_id":"::1","raw_input":"m","normalized_input":"m","matched_gambit":[],"timestamp":"2018-01-23T05:45:29.094Z"}
{"user_id":"::1","raw_input":"rLengt","normalized_input":"rLengt","matched_gambit":[],"timestamp":"2018-01-23T05:45:29.119Z"}
{"user_id":"::1","raw_input":"axBuffe","normalized_input":"axBuffe","matched_gambit":[],"timestamp":"2018-01-23T05:45:29.113Z"}
{"user_id":"::1","matched_gambit":[]}
{"user_id":"::1","raw_input":"q","normalized_input":"q","matched_gambit":[],"timestamp":"2018-01-23T05:45:51.428Z"}
{"user_id":"::1","raw_input":"u","normalized_input":"you","matched_gambit":[],"timestamp":"2018-01-23T05:45:51.508Z"}
{"user_id":"::1","raw_input":"i","normalized_input":"i","matched_gambit":[],"timestamp":"2018-01-23T05:45:51.606Z"}
{"user_id":"::1","raw_input":"t","normalized_input":"t","matched_gambit":[],"timestamp":"2018-01-23T05:45:51.909Z"}
{"user_id":"::1","raw_input":"\u001b[A","normalized_input":"\u001b[A","matched_gambit":[],"timestamp":"2018-01-23T05:45:56.309Z"}
{"user_id":"::1","raw_input":"\u001b[A","normalized_input":"\u001b[A","matched_gambit":[],"timestamp":"2018-01-23T05:45:56.803Z"}
{"user_id":"::1","raw_input":"\u001b[A","normalized_input":"\u001b[A","matched_gambit":[],"timestamp":"2018-01-23T05:45:57.245Z"}
{"user_id":"::1","raw_input":"\u001b[B","normalized_input":"\u001b[B","matched_gambit":[],"timestamp":"2018-01-23T05:45:57.955Z"}
{"user_id":"::1","raw_input":"\u001b[B","normalized_input":"\u001b[B","matched_gambit":[],"timestamp":"2018-01-23T05:45:58.121Z"}
{"user_id":"::1","raw_input":"\u001b[B","normalized_input":"\u001b[B","matched_gambit":[],"timestamp":"2018-01-23T05:45:58.256Z"}
{"user_id":"::1","raw_input":"\u001b[B","normalized_input":"\u001b[B","matched_gambit":[],"timestamp":"2018-01-23T05:45:58.471Z"}
{"user_id":"::1","matched_gambit":[]}
{"user_id":"::1","matched_gambit":[]}
{"user_id":"::1","matched_gambit":[]}
{"user_id":"::1","raw_input":"\u0011","normalized_input":"\u0011","matched_gambit":[],"timestamp":"2018-01-23T05:46:02.544Z"}
{"user_id":"::1","raw_input":"q","normalized_input":"q","matched_gambit":[],"timestamp":"2018-01-23T05:46:04.030Z"}
{"user_id":"::1","raw_input":"\u0003","normalized_input":"\u0003","matched_gambit":[],"timestamp":"2018-01-23T05:46:04.693Z"}
{"user_id":"::1","raw_input":"^","normalized_input":"^","matched_gambit":[],"timestamp":"2018-01-23T06:01:09.263Z"}
{"user_id":"::1","raw_input":"]","normalized_input":"]","matched_gambit":[],"timestamp":"2018-01-23T06:01:10.382Z"}
{"user_id":"::1","raw_input":"^","normalized_input":"^","matched_gambit":[],"timestamp":"2018-01-23T06:01:13.115Z"}
{"user_id":"::1","raw_input":"+","normalized_input":"+","matched_gambit":[],"timestamp":"2018-01-23T06:16:04.283Z"}
{"user_id":"::1","raw_input":"Gm","normalized_input":"Gm","matched_gambit":[{"topic":"random","input":"Gm","reply":"Hello, Good Morning Vadodara","output":"Hello, Good Morning Vadodara"}],"timestamp":"2018-01-23T06:16:04.940Z"}
{"user_id":"::1","raw_input":"h","normalized_input":"h","matched_gambit":[],"timestamp":"2018-01-23T07:07:47.606Z"}
{"user_id":"::1","raw_input":"i","normalized_input":"i","matched_gambit":[],"timestamp":"2018-01-23T07:07:47.905Z"}
{"user_id":"::1","matched_gambit":[]}
{"user_id":"::1","raw_input":"G","normalized_input":"G","matched_gambit":[],"timestamp":"2018-01-23T08:21:38.227Z"}
{"user_id":"::1","raw_input":"m","normalized_input":"m","matched_gambit":[],"timestamp":"2018-01-23T08:21:38.333Z"}
{"user_id":"::1","raw_input":"G","normalized_input":"G","matched_gambit":[],"timestamp":"2018-01-23T08:21:39.752Z"}
{"user_id":"::1","raw_input":"M","normalized_input":"M","matched_gambit":[],"timestamp":"2018-01-23T08:21:39.828Z"}
{"user_id":"::1","matched_gambit":[]}
{"user_id":"::1","raw_input":"g","normalized_input":"g","matched_gambit":[],"timestamp":"2018-01-23T08:21:47.908Z"}
{"user_id":"::1","raw_input":"m","normalized_input":"m","matched_gambit":[],"timestamp":"2018-01-23T08:21:47.949Z"}
{"user_id":"::1","raw_input":"G","normalized_input":"G","matched_gambit":[],"timestamp":"2018-01-23T08:21:52.603Z"}
{"user_id":"::1","raw_input":"m","normalized_input":"m","matched_gambit":[],"timestamp":"2018-01-23T08:21:52.673Z"}
{"user_id":"::1","matched_gambit":[]}
{"user_id":"::1","matched_gambit":[]}
{"user_id":"::1","raw_input":"\u001b[A","normalized_input":"\u001b[A","matched_gambit":[],"timestamp":"2018-01-23T08:23:58.006Z"}
{"user_id":"::1","raw_input":"\u001b[A","normalized_input":"\u001b[A","matched_gambit":[],"timestamp":"2018-01-23T08:23:58.448Z"}
{"user_id":"::1","raw_input":"1","normalized_input":"1","matched_gambit":[],"timestamp":"2018-01-23T08:24:00.712Z"}
